<?xml version="1.0" encoding="UTF-8"?>
<!-- Generated by org.testng.reporters.JUnitXMLReporter -->
<testsuite ignored="0" hostname="DESKTOP-LLLGMOJ" failures="3" tests="4" name="Test" time="22.341" errors="0" timestamp="2023-05-27T20:13:57 IST">
  <testcase classname="runTimeRetryfailedTc.Test001" name="Test1" time="0.009">
    <failure type="java.lang.AssertionError" message="expected [true] but found [false]">
      <![CDATA[java.lang.AssertionError: expected [true] but found [false]
at runTimeRetryfailedTc.Test001.Test1(Test001.java:15)
at java.base/java.util.ArrayList.forEach(ArrayList.java:1511)
... Removed 33 stack frames]]>
    </failure>
  </testcase> <!-- Test1 -->
  <testcase classname="runTimeRetryfailedTc.Test001" name="Test2" time="0.002">
    <failure type="java.lang.AssertionError" message="expected [true] but found [false]">
      <![CDATA[java.lang.AssertionError: expected [true] but found [false]
at runTimeRetryfailedTc.Test001.Test2(Test001.java:21)
at java.base/java.util.ArrayList.forEach(ArrayList.java:1511)
... Removed 33 stack frames]]>
    </failure>
  </testcase> <!-- Test2 -->
  <testcase classname="testscripts.TestActitimeLogin" name="testLoginWithValidData" time="4.165"/>
  <testcase classname="testscripts.TestOrangeHRMLoginLogout" name="testLoginLogout" time="0.612">
    <failure type="java.lang.AssertionError" message="Home page not opened expected [true] but found [false]">
      <![CDATA[java.lang.AssertionError: Home page not opened expected [true] but found [false]
at testscripts.TestOrangeHRMLoginLogout.testLoginLogout(TestOrangeHRMLoginLogout.java:31)
at java.base/java.util.ArrayList.forEach(ArrayList.java:1511)
... Removed 30 stack frames]]>
    </failure>
  </testcase> <!-- testLoginLogout -->
</testsuite> <!-- Test -->
