<?xml version="1.0" encoding="UTF-8"?>
<testng-results ignored="0" total="2" passed="2" failed="0" skipped="0">
  <reporter-output>
  </reporter-output>
  <suite started-at="2023-09-09T19:48:45 IST" name="Default suite" finished-at="2023-09-09T19:49:45 IST" duration-ms="60000">
    <groups>
    </groups>
    <test started-at="2023-09-09T19:48:45 IST" name="Default test" finished-at="2023-09-09T19:49:45 IST" duration-ms="60000">
      <class name="orangehrm_testscripts.TestOrangeHrmPim">
        <test-method is-config="true" signature="precondition()[pri:0, instance:orangehrm_testscripts.TestOrangeHrmPim@793f29ff]" started-at="2023-09-09T19:48:45 IST" name="precondition" finished-at="2023-09-09T19:49:06 IST" duration-ms="21061" status="PASS">
          <reporter-output>
          </reporter-output>
        </test-method> <!-- precondition -->
        <test-method signature="testPimCreation()[pri:0, instance:orangehrm_testscripts.TestOrangeHrmPim@793f29ff]" started-at="2023-09-09T19:49:06 IST" name="testPimCreation" finished-at="2023-09-09T19:49:19 IST" duration-ms="12820" status="PASS">
          <reporter-output>
          </reporter-output>
        </test-method> <!-- testPimCreation -->
        <test-method is-config="true" signature="postcondition()[pri:0, instance:orangehrm_testscripts.TestOrangeHrmPim@793f29ff]" started-at="2023-09-09T19:49:19 IST" name="postcondition" finished-at="2023-09-09T19:49:20 IST" duration-ms="1219" status="PASS">
          <reporter-output>
          </reporter-output>
        </test-method> <!-- postcondition -->
        <test-method is-config="true" signature="precondition()[pri:0, instance:orangehrm_testscripts.TestOrangeHrmPim@793f29ff]" started-at="2023-09-09T19:49:20 IST" name="precondition" finished-at="2023-09-09T19:49:31 IST" duration-ms="11457" status="PASS">
          <reporter-output>
          </reporter-output>
        </test-method> <!-- precondition -->
        <test-method signature="testPimDeletion()[pri:0, instance:orangehrm_testscripts.TestOrangeHrmPim@793f29ff]" started-at="2023-09-09T19:49:31 IST" name="testPimDeletion" finished-at="2023-09-09T19:49:44 IST" depends-on-methods="orangehrm_testscripts.TestOrangeHrmPim.testPimCreation" duration-ms="12300" status="PASS">
          <reporter-output>
          </reporter-output>
        </test-method> <!-- testPimDeletion -->
        <test-method is-config="true" signature="postcondition()[pri:0, instance:orangehrm_testscripts.TestOrangeHrmPim@793f29ff]" started-at="2023-09-09T19:49:44 IST" name="postcondition" finished-at="2023-09-09T19:49:45 IST" duration-ms="1076" status="PASS">
          <reporter-output>
          </reporter-output>
        </test-method> <!-- postcondition -->
      </class> <!-- orangehrm_testscripts.TestOrangeHrmPim -->
    </test> <!-- Default test -->
  </suite> <!-- Default suite -->
</testng-results>
